mode: set
github.com/NarthurN/GoXML_JSON/internal/converter/age_groups.go:10.49,11.9 1 0
github.com/NarthurN/GoXML_JSON/internal/converter/age_groups.go:12.16,13.22 1 0
github.com/NarthurN/GoXML_JSON/internal/converter/age_groups.go:14.30,15.24 1 0
github.com/NarthurN/GoXML_JSON/internal/converter/age_groups.go:16.10,17.21 1 0
github.com/NarthurN/GoXML_JSON/internal/converter/converter.go:5.32,7.2 1 1
github.com/NarthurN/GoXML_JSON/internal/converter/json_converter.go:26.72,33.2 1 0
github.com/NarthurN/GoXML_JSON/internal/converter/json_converter.go:36.87,37.43 1 0
github.com/NarthurN/GoXML_JSON/internal/converter/json_converter.go:37.43,39.3 1 0
github.com/NarthurN/GoXML_JSON/internal/converter/json_converter.go:42.2,43.36 2 0
github.com/NarthurN/GoXML_JSON/internal/converter/json_converter.go:43.36,45.3 1 0
github.com/NarthurN/GoXML_JSON/internal/converter/json_converter.go:46.2,51.24 4 0
github.com/NarthurN/GoXML_JSON/internal/converter/json_converter.go:51.24,53.13 2 0
github.com/NarthurN/GoXML_JSON/internal/converter/json_converter.go:53.13,55.26 2 0
github.com/NarthurN/GoXML_JSON/internal/converter/json_converter.go:55.26,57.19 2 0
github.com/NarthurN/GoXML_JSON/internal/converter/json_converter.go:57.19,59.14 2 0
github.com/NarthurN/GoXML_JSON/internal/converter/json_converter.go:62.5,68.60 2 0
github.com/NarthurN/GoXML_JSON/internal/converter/json_converter.go:73.2,73.35 1 0
github.com/NarthurN/GoXML_JSON/internal/converter/json_converter.go:73.35,75.3 1 0
github.com/NarthurN/GoXML_JSON/internal/converter/json_converter.go:76.2,84.27 6 0
github.com/NarthurN/GoXML_JSON/internal/converter/json_converter.go:84.27,85.21 1 0
github.com/NarthurN/GoXML_JSON/internal/converter/json_converter.go:85.21,87.12 2 0
github.com/NarthurN/GoXML_JSON/internal/converter/json_converter.go:89.3,89.38 1 0
github.com/NarthurN/GoXML_JSON/internal/converter/json_converter.go:93.2,94.30 2 0
github.com/NarthurN/GoXML_JSON/internal/converter/json_converter.go:94.30,95.17 1 0
github.com/NarthurN/GoXML_JSON/internal/converter/json_converter.go:95.17,97.4 1 0
github.com/NarthurN/GoXML_JSON/internal/converter/json_converter.go:100.2,100.31 1 0
github.com/NarthurN/GoXML_JSON/internal/converter/json_converter.go:100.31,102.3 1 0
github.com/NarthurN/GoXML_JSON/internal/converter/json_converter.go:104.2,104.24 1 0
github.com/NarthurN/GoXML_JSON/internal/converter/json_converter.go:108.64,111.19 2 0
github.com/NarthurN/GoXML_JSON/internal/converter/json_converter.go:111.19,113.3 1 0
github.com/NarthurN/GoXML_JSON/internal/converter/json_converter.go:114.2,114.21 1 0
github.com/NarthurN/GoXML_JSON/internal/converter/json_converter.go:114.21,116.3 1 0
github.com/NarthurN/GoXML_JSON/internal/converter/json_converter.go:117.2,117.22 1 0
github.com/NarthurN/GoXML_JSON/internal/converter/json_converter.go:117.22,119.3 1 0
github.com/NarthurN/GoXML_JSON/internal/converter/json_converter.go:120.2,120.37 1 0
github.com/NarthurN/GoXML_JSON/internal/converter/json_converter.go:120.37,122.3 1 0
github.com/NarthurN/GoXML_JSON/internal/converter/json_converter.go:123.2,123.18 1 0
github.com/NarthurN/GoXML_JSON/internal/converter/json_converter.go:127.58,132.2 4 0
github.com/NarthurN/GoXML_JSON/internal/converter/xml_parser.go:11.69,12.20 1 1
github.com/NarthurN/GoXML_JSON/internal/converter/xml_parser.go:12.20,14.3 1 1
github.com/NarthurN/GoXML_JSON/internal/converter/xml_parser.go:16.2,17.52 2 1
github.com/NarthurN/GoXML_JSON/internal/converter/xml_parser.go:17.52,19.3 1 1
github.com/NarthurN/GoXML_JSON/internal/converter/xml_parser.go:21.2,21.27 1 1
github.com/NarthurN/GoXML_JSON/internal/converter/xml_parser.go:21.27,23.3 1 1
github.com/NarthurN/GoXML_JSON/internal/converter/xml_parser.go:25.2,25.20 1 1
